Performing C SOURCE FILE Test CMAKE_HAVE_LIBC_PTHREAD failed with the following output:
Change Dir: /home/alumno/software/g8-M1/Robotica-2021-2022/Practica-5/Mapping/cmake-build-debug/CMakeFiles/CMakeTmp

Run Build Command(s):/usr/bin/make -f Makefile cmTC_41dce/fast && /usr/bin/make  -f CMakeFiles/cmTC_41dce.dir/build.make CMakeFiles/cmTC_41dce.dir/build
make[1]: se entra en el directorio '/home/alumno/software/g8-M1/Robotica-2021-2022/Practica-5/Mapping/cmake-build-debug/CMakeFiles/CMakeTmp'
Building C object CMakeFiles/cmTC_41dce.dir/src.c.o
/usr/bin/cc -DCMAKE_HAVE_LIBC_PTHREAD   -o CMakeFiles/cmTC_41dce.dir/src.c.o -c /home/alumno/software/g8-M1/Robotica-2021-2022/Practica-5/Mapping/cmake-build-debug/CMakeFiles/CMakeTmp/src.c
Linking C executable cmTC_41dce
/snap/clion/175/bin/cmake/linux/bin/cmake -E cmake_link_script CMakeFiles/cmTC_41dce.dir/link.txt --verbose=1
/usr/bin/cc CMakeFiles/cmTC_41dce.dir/src.c.o -o cmTC_41dce 
/usr/bin/ld: CMakeFiles/cmTC_41dce.dir/src.c.o: en la funci√≥n `main':
src.c:(.text+0x46): referencia a `pthread_create' sin definir
/usr/bin/ld: src.c:(.text+0x52): referencia a `pthread_detach' sin definir
/usr/bin/ld: src.c:(.text+0x5e): referencia a `pthread_cancel' sin definir
/usr/bin/ld: src.c:(.text+0x6f): referencia a `pthread_join' sin definir
collect2: error: ld returned 1 exit status
make[1]: *** [CMakeFiles/cmTC_41dce.dir/build.make:99: cmTC_41dce] Error 1
make[1]: se sale del directorio '/home/alumno/software/g8-M1/Robotica-2021-2022/Practica-5/Mapping/cmake-build-debug/CMakeFiles/CMakeTmp'
make: *** [Makefile:127: cmTC_41dce/fast] Error 2


Source file was:
#include <pthread.h>

static void* test_func(void* data)
{
  return data;
}

int main(void)
{
  pthread_t thread;
  pthread_create(&thread, NULL, test_func, NULL);
  pthread_detach(thread);
  pthread_cancel(thread);
  pthread_join(thread, NULL);
  pthread_atfork(NULL, NULL, NULL);
  pthread_exit(NULL);

  return 0;
}

Determining if the function pthread_create exists in the pthreads failed with the following output:
Change Dir: /home/alumno/software/g8-M1/Robotica-2021-2022/Practica-5/Mapping/cmake-build-debug/CMakeFiles/CMakeTmp

Run Build Command(s):/usr/bin/make -f Makefile cmTC_bc57a/fast && /usr/bin/make  -f CMakeFiles/cmTC_bc57a.dir/build.make CMakeFiles/cmTC_bc57a.dir/build
make[1]: se entra en el directorio '/home/alumno/software/g8-M1/Robotica-2021-2022/Practica-5/Mapping/cmake-build-debug/CMakeFiles/CMakeTmp'
Building C object CMakeFiles/cmTC_bc57a.dir/CheckFunctionExists.c.o
/usr/bin/cc   -DCHECK_FUNCTION_EXISTS=pthread_create -o CMakeFiles/cmTC_bc57a.dir/CheckFunctionExists.c.o -c /snap/clion/175/bin/cmake/linux/share/cmake-3.21/Modules/CheckFunctionExists.c
Linking C executable cmTC_bc57a
/snap/clion/175/bin/cmake/linux/bin/cmake -E cmake_link_script CMakeFiles/cmTC_bc57a.dir/link.txt --verbose=1
/usr/bin/cc  -DCHECK_FUNCTION_EXISTS=pthread_create CMakeFiles/cmTC_bc57a.dir/CheckFunctionExists.c.o -o cmTC_bc57a  -lpthreads 
/usr/bin/ld: no se puede encontrar -lpthreads
collect2: error: ld returned 1 exit status
make[1]: *** [CMakeFiles/cmTC_bc57a.dir/build.make:99: cmTC_bc57a] Error 1
make[1]: se sale del directorio '/home/alumno/software/g8-M1/Robotica-2021-2022/Practica-5/Mapping/cmake-build-debug/CMakeFiles/CMakeTmp'
make: *** [Makefile:127: cmTC_bc57a/fast] Error 2



